<?xml version="1.0" encoding="UTF-8"?>
<!-- Generated by org.testng.reporters.JUnitReportReporter -->
<testsuite skipped="2" hostname="Lenovo" name="com.Testng_Evng.Ignore_Demo" tests="3" failures="0" timestamp="2021-01-25T19:25:53 IST" time="0.045" errors="0">
  <testcase name="laptopSearch" time="0.045" classname="com.Testng_Evng.Ignore_Demo"/>
  <testcase name="booksSearch" classname="com.Testng_Evng.Ignore_Demo">
    <skipped/>
  </testcase> <!-- booksSearch -->
  <testcase name="earphonesSearch" classname="com.Testng_Evng.Ignore_Demo">
    <skipped/>
  </testcase> <!-- earphonesSearch -->
</testsuite> <!-- com.Testng_Evng.Ignore_Demo -->
