<?xml version="1.0" encoding="UTF-8"?>
<!-- Generated by org.testng.reporters.JUnitReportReporter -->
<testsuite skipped="0" hostname="Lenovo" name="com.Testng_Demo.Parrallel_DEmo" tests="3" failures="0" timestamp="2021-01-29T23:23:12 IST" time="150.594" errors="0">
  <testcase name="facebook" time="44.948" classname="com.Testng_Demo.Parrallel_DEmo"/>
  <testcase name="amazon" time="53.907" classname="com.Testng_Demo.Parrallel_DEmo"/>
  <testcase name="myntra" time="51.739" classname="com.Testng_Demo.Parrallel_DEmo"/>
</testsuite> <!-- com.Testng_Demo.Parrallel_DEmo -->
