<?xml version="1.0" encoding="UTF-8"?>
<!-- Generated by org.testng.reporters.JUnitReportReporter -->
<testsuite skipped="0" hostname="Lenovo" name="com.Testng_Evng.Grouping_Test" tests="5" failures="0" timestamp="2021-01-30T20:16:00 IST" time="0.091" errors="0">
  <testcase name="mobileSearch" time="0.011" classname="com.Testng_Evng.Grouping_Test"/>
  <testcase name="redmiMobile" time="0.016" classname="com.Testng_Evng.Grouping_Test"/>
  <testcase name="earphonesSearch" time="0.032" classname="com.Testng_Evng.Grouping_Test"/>
  <testcase name="laptopSearch" time="0.016" classname="com.Testng_Evng.Grouping_Test"/>
  <testcase name="samsungMobile" time="0.016" classname="com.Testng_Evng.Grouping_Test"/>
</testsuite> <!-- com.Testng_Evng.Grouping_Test -->
