<?xml version="1.0" encoding="UTF-8"?>
<!-- Generated by org.testng.reporters.JUnitReportReporter -->
<testsuite skipped="0" hostname="Lenovo" name="com.Testng_Evng.TimeOut_Demo" tests="1" failures="0" timestamp="2021-01-25T19:52:11 IST" time="1.101" errors="0">
  <testcase name="laptopSearch" time="1.101" classname="com.Testng_Evng.TimeOut_Demo"/>
</testsuite> <!-- com.Testng_Evng.TimeOut_Demo -->
