<?xml version="1.0" encoding="UTF-8"?>
<!-- Generated by org.testng.reporters.JUnitReportReporter -->
<testsuite skipped="0" hostname="Lenovo" name="com.Testng_Demo.Dependency_Test" tests="4" failures="0" timestamp="2021-01-30T20:10:25 IST" time="0.060" errors="0">
  <testcase name="laptopSearch" time="0.016" classname="com.Testng_Demo.Dependency_Test"/>
  <testcase name="earphonesSearch" time="0.044" classname="com.Testng_Demo.Dependency_Test"/>
  <testcase name="mobileSearch" time="0.000" classname="com.Testng_Demo.Dependency_Test"/>
  <testcase name="offer" time="0.000" classname="com.Testng_Demo.Dependency_Test"/>
</testsuite> <!-- com.Testng_Demo.Dependency_Test -->
