<?xml version="1.0" encoding="UTF-8"?>
<!-- Generated by org.testng.reporters.JUnitReportReporter -->
<testsuite skipped="0" hostname="Lenovo" name="com.Testng_Evng.Priority_Test" tests="4" failures="0" timestamp="2021-01-25T19:35:48 IST" time="0.097" errors="0">
  <testcase name="laptopSearch" time="0.035" classname="com.Testng_Evng.Priority_Test"/>
  <testcase name="musicSearch" time="0.013" classname="com.Testng_Evng.Priority_Test"/>
  <testcase name="mobileSearch" time="0.016" classname="com.Testng_Evng.Priority_Test"/>
  <testcase name="earphonesSearch" time="0.033" classname="com.Testng_Evng.Priority_Test"/>
</testsuite> <!-- com.Testng_Evng.Priority_Test -->
