<?xml version="1.0" encoding="UTF-8"?>
<!-- Generated by org.testng.reporters.JUnitReportReporter -->
<testsuite skipped="0" hostname="Lenovo" name="com.Testng_Evng.Dependency_Test" tests="4" failures="0" timestamp="2021-01-27T18:58:34 IST" time="0.110" errors="0">
  <testcase name="laptopSearch" time="0.029" classname="com.Testng_Evng.Dependency_Test"/>
  <testcase name="offer" time="0.009" classname="com.Testng_Evng.Dependency_Test"/>
  <testcase name="mobileSearch" time="0.034" classname="com.Testng_Evng.Dependency_Test"/>
  <testcase name="earphonesSearch" time="0.038" classname="com.Testng_Evng.Dependency_Test"/>
</testsuite> <!-- com.Testng_Evng.Dependency_Test -->
