<?xml version="1.0" encoding="UTF-8"?>
<!-- Generated by org.testng.reporters.JUnitReportReporter -->
<testsuite skipped="0" hostname="Lenovo" name="com.Testng_Evng.Expected_Exceptions" tests="1" failures="0" timestamp="2021-01-27T18:54:00 IST" time="0.058" errors="0">
  <testcase name="add" time="0.058" classname="com.Testng_Evng.Expected_Exceptions"/>
</testsuite> <!-- com.Testng_Evng.Expected_Exceptions -->
