<?xml version="1.0" encoding="UTF-8"?>
<!-- Generated by org.testng.reporters.JUnitReportReporter -->
<testsuite skipped="0" hostname="Lenovo" name="com.Testng_Evng.Invocation_Test" tests="5" failures="0" timestamp="2021-01-25T19:41:56 IST" time="0.118" errors="0">
  <testcase name="laptopSearch" time="0.031" classname="com.Testng_Evng.Invocation_Test"/>
  <testcase name="refresh" time="0.021" classname="com.Testng_Evng.Invocation_Test"/>
  <testcase name="refresh" time="0.016" classname="com.Testng_Evng.Invocation_Test"/>
  <testcase name="refresh" time="0.034" classname="com.Testng_Evng.Invocation_Test"/>
  <testcase name="mobileSearch" time="0.016" classname="com.Testng_Evng.Invocation_Test"/>
</testsuite> <!-- com.Testng_Evng.Invocation_Test -->
