<?xml version="1.0" encoding="UTF-8"?>
<!-- Generated by org.testng.reporters.JUnitReportReporter -->
<testsuite skipped="0" hostname="Lenovo" name="com.Testng_Evng.Assert_Concept" tests="1" failures="0" timestamp="2021-01-28T19:27:09 IST" time="0.125" errors="0">
  <testcase name="credentials" time="0.125" classname="com.Testng_Evng.Assert_Concept"/>
</testsuite> <!-- com.Testng_Evng.Assert_Concept -->
