<?xml version="1.0" encoding="UTF-8"?>
<!-- Generated by org.testng.reporters.JUnitReportReporter -->
<testsuite skipped="0" hostname="Lenovo" name="com.Testng_Demo.Exception_Test" tests="1" failures="0" timestamp="2021-01-30T20:19:26 IST" time="0.016" errors="0">
  <testcase name="test_Data" time="0.016" classname="com.Testng_Demo.Exception_Test"/>
</testsuite> <!-- com.Testng_Demo.Exception_Test -->
