<?xml version="1.0" encoding="UTF-8"?>
<!-- Generated by org.testng.reporters.JUnitReportReporter -->
<testsuite skipped="0" hostname="Lenovo" name="com.Testng_Evng.Data_Provider_Test" tests="3" failures="0" timestamp="2021-01-27T19:30:25 IST" time="0.116" errors="0">
  <testcase name="credentials" time="0.035" classname="com.Testng_Evng.Data_Provider_Test"/>
  <testcase name="credentials" time="0.069" classname="com.Testng_Evng.Data_Provider_Test"/>
  <testcase name="credentials" time="0.012" classname="com.Testng_Evng.Data_Provider_Test"/>
</testsuite> <!-- com.Testng_Evng.Data_Provider_Test -->
