<?xml version="1.0" encoding="UTF-8"?>
<!-- Generated by org.testng.reporters.JUnitReportReporter -->
<testsuite skipped="0" hostname="Lenovo" name="com.Testng_Evng.Parameterized_Test" tests="1" failures="0" timestamp="2021-01-27T19:17:47 IST" time="0.073" errors="0">
  <testcase name="credentials" time="0.073" classname="com.Testng_Evng.Parameterized_Test"/>
</testsuite> <!-- com.Testng_Evng.Parameterized_Test -->
