<?xml version="1.0" encoding="UTF-8"?>
<!-- Generated by org.testng.reporters.JUnitReportReporter -->
<testsuite skipped="0" hostname="Lenovo" name="com.Testng_Evng.Simple_Annotations" tests="2" failures="0" timestamp="2021-01-25T19:06:33 IST" time="0.043" errors="0">
  <testcase name="mobileSearch" time="0.010" classname="com.Testng_Evng.Simple_Annotations"/>
  <testcase name="laptopSearch" time="0.033" classname="com.Testng_Evng.Simple_Annotations"/>
</testsuite> <!-- com.Testng_Evng.Simple_Annotations -->
